"../../../Engine/Content/Functions/Engine_MaterialFunctions01/Opacity/CameraDepthFade.uasset" 0
"../../../Engine/Content/EngineMaterials/T_Default_Material_Grid_M.uasset" 1
"../../../Engine/Content/EngineMaterials/T_Default_Material_Grid_N.uasset" 2
"../../../Engine/Content/EngineMaterials/WorldGridMaterial.uasset" 3
"../../../Engine/Content/ArtTools/RenderToTexture/Meshes/S_1_Unit_Plane.uasset" 4
"../../../Engine/Content/EngineMaterials/DefaultMaterial.uasset" 5
"../../../Engine/Content/BasicShapes/Cone.uasset" 6
"../../../Engine/Content/BasicShapes/Cube.uasset" 7
"../../../Engine/Content/BasicShapes/Cylinder.uasset" 8
"../../../Engine/Content/BasicShapes/Plane.uasset" 9
"../../../Engine/Content/BasicShapes/Sphere.uasset" 10
"../../../Engine/Content/EngineMaterials/DefaultPhysicalMaterial.uasset" 11
"../../../Engine/Content/BufferVisualization/AmbientOcclusion.uasset" 12
"../../../Engine/Content/BufferVisualization/BaseColor.uasset" 13
"../../../Engine/Content/BufferVisualization/CustomDepth.uasset" 14
"../../../Engine/Content/Functions/Engine_MaterialFunctions02/Utility/VectorLength.uasset" 15
"../../../Engine/Content/BufferVisualization/CustomDepthWorldUnits.uasset" 16
"../../../Engine/Content/Functions/Engine_MaterialFunctions02/Utility/BreakOutFloat2Components.uasset" 17
"../../../Engine/Content/Functions/Engine_MaterialFunctions01/Texturing/ScaleUVsByCenter.uasset" 18
"../../../Engine/Content/Functions/Engine_MaterialFunctions02/ScreenResolution.uasset" 19
"../../../Engine/Content/Functions/Engine_MaterialFunctions02/Texturing/ScreenAlignedUVs.uasset" 20
"../../../Engine/Content/Functions/Engine_MaterialFunctions02/Utility/MakeFloat2.uasset" 21
"../../../Engine/Content/Functions/Engine_MaterialFunctions02/Utility/MakeFloat3.uasset" 22
"../../../Engine/Content/EngineMaterials/MiniFont.uasset" 23
"../../../Engine/Content/BufferVisualization/CustomStencil.uasset" 24
"../../../Engine/Content/BufferVisualization/FinalImage.uasset" 25
"../../../Engine/Content/BufferVisualization/LightingModel.uasset" 26
"../../../Engine/Content/BufferVisualization/MaterialAO.uasset" 27
"../../../Engine/Content/BufferVisualization/Metallic.uasset" 28
"../../../Engine/Content/BufferVisualization/Opacity.uasset" 29
"../../../Engine/Content/BufferVisualization/PostTonemapHDRColor.uasset" 30
"../../../Engine/Content/BufferVisualization/PreTonemapHDRColor.uasset" 31
"../../../Engine/Content/BufferVisualization/Roughness.uasset" 32
"../../../Engine/Content/BufferVisualization/SceneColor.uasset" 33
"../../../Engine/Content/BufferVisualization/SceneDepth.uasset" 34
"../../../Engine/Content/BufferVisualization/SceneDepthWorldUnits.uasset" 35
"../../../Engine/Content/BufferVisualization/SeparateTranslucencyA.uasset" 36
"../../../Engine/Content/BufferVisualization/SeparateTranslucencyRGB.uasset" 37
"../../../Engine/Content/BufferVisualization/Specular.uasset" 38
"../../../Engine/Content/BufferVisualization/SubsurfaceColor.uasset" 39
"../../../Engine/Content/BufferVisualization/WorldNormal.uasset" 40
"../../../Engine/Content/EditorLandscapeResources/DataLayer.uasset" 41
"../../../Engine/Content/EditorLandscapeResources/DefaultAlphaTexture.uasset" 42
"../../../Engine/Content/EditorLandscapeResources/LandscapeGizmoHeight_Mat.uasset" 43
"../../../Engine/Content/EditorLandscapeResources/LandscapeGizmo_Mat.uasset" 44
"../../../Engine/Content/EditorLandscapeResources/LandscapeGizmo_Mat_Copied.uasset" 45
"../../../Engine/Content/EditorLandscapeResources/SplineEditorMeshMat.uasset" 46
"../../../Engine/Content/EditorLandscapeResources/SplineEditorMesh.uasset" 47
"../../../Engine/Content/EditorMaterials/Cross.uasset" 48
"../../../Engine/Content/EditorMaterials/Cross_Mat.uasset" 49
"../../../Engine/Content/EditorMaterials/GizmoMaterial.uasset" 50
"../../../Engine/Content/Functions/Engine_MaterialFunctions02/Utility/Sign.uasset" 51
"../../../Engine/Content/Functions/Engine_MaterialFunctions02/Utility/Round.uasset" 52
"../../../Engine/Content/Functions/Engine_MaterialFunctions02/ExampleContent/Textures/flipbook.uasset" 53
"../../../Engine/Content/Functions/Engine_MaterialFunctions02/Texturing/FlipBook.uasset" 54
"../../../Engine/Content/EditorResources/T_EditorHelp.uasset" 55
"../../../Engine/Content/EditorMaterials/HelpActorMaterial.uasset" 56
"../../../Engine/Content/EditorMaterials/CompositeARGBLayer.uasset" 57
"../../../Engine/Content/EditorMaterials/TilingAALineIntegral.uasset" 58
"../../../Engine/Content/EditorMaterials/TilingAALineBoxFiltered.uasset" 59
"../../../Engine/Content/Functions/Engine_MaterialFunctions03/Procedurals/ComputeFilterWidth.uasset" 60
"../../../Engine/Content/EditorMaterials/TilingAADots.uasset" 61
"../../../Engine/Content/EditorMaterials/Cascade/CASC_Cross.uasset" 62
"../../../Engine/Content/EditorMaterials/Cascade/CASC_None.uasset" 63
"../../../Engine/Content/Functions/Engine_MaterialFunctions03/Blends/Blend_Screen.uasset" 64
"../../../Engine/Content/EditorMaterials/TilingAAGrid.uasset" 65
"../../../Engine/Content/EditorMaterials/LevelGridMaterial.uasset" 66
"../../../Engine/Content/EditorMaterials/MakeCompositeARGBLayer.uasset" 67
"../../../Engine/Content/EditorResources/LevelGrid1DStripes.uasset" 68
"../../../Engine/Content/EditorMaterials/TextureGridCascaded1D.uasset" 69
"../../../Engine/Content/EditorMaterials/TextureGridCascaded2D.uasset" 70
"../../../Engine/Content/EditorMaterials/LevelGridMaterial2.uasset" 71
"../../../Engine/Content/EditorMaterials/MAT_Groups_Toggle.uasset" 72
"../../../Engine/Content/EditorMaterials/MAT_Groups_Visibility.uasset" 73
"../../../Engine/Content/EditorMaterials/PhAT_BoneSelectedMaterial.uasset" 74
"../../../Engine/Content/EditorMaterials/PhAT_ElemSelectedMaterial.uasset" 75
"../../../Engine/Content/EditorMaterials/PhAT_NoCollisionMaterial.uasset" 76
"../../../Engine/Content/EditorMaterials/PhAT_UnselectedMaterial.uasset" 77
"../../../Engine/Content/EditorMaterials/PreviewShadowIndicator.uasset" 78
"../../../Engine/Content/EditorMaterials/PreviewShadowIndicatorMaterial.uasset" 79
"../../../Engine/Content/EditorMaterials/TargetIcon.uasset" 80
"../../../Engine/Content/EditorMaterials/Tick.uasset" 81
"../../../Engine/Content/EditorMaterials/Tick_Mat.uasset" 82
"../../../Engine/Content/EditorMaterials/WidgetGridVertexColorMaterial.uasset" 83
"../../../Engine/Content/EditorMaterials/WidgetGridVertexColorMaterial_Ma.uasset" 84
"../../../Engine/Content/EditorMaterials/WidgetMaterial.uasset" 85
"../../../Engine/Content/EditorMaterials/WidgetMaterial_Current.uasset" 86
"../../../Engine/Content/EditorMaterials/WidgetMaterial_X.uasset" 87
"../../../Engine/Content/EditorMaterials/WidgetMaterial_Y.uasset" 88
"../../../Engine/Content/EditorMaterials/WidgetMaterial_Z.uasset" 89
"../../../Engine/Content/EditorMaterials/WidgetVertexColorMaterial.uasset" 90
"../../../Engine/Content/EditorMaterials/AssetViewer/EpicQuadPanorama_CC+EV1.uasset" 91
"../../../Engine/Content/EditorMaterials/MatineeGroups/MAT_ColorTrack.uasset" 92
"../../../Engine/Content/EditorMaterials/MatineeGroups/MAT_Groups_Anim.uasset" 93
"../../../Engine/Content/EditorMaterials/MatineeGroups/MAT_Groups_AudioMaster.uasset" 94
"../../../Engine/Content/EditorMaterials/MatineeGroups/MAT_Groups_Director.uasset" 95
"../../../Engine/Content/EditorMaterials/MatineeGroups/MAT_Groups_Event.uasset" 96
"../../../Engine/Content/EditorMaterials/MatineeGroups/MAT_Groups_Fade.uasset" 97
"../../../Engine/Content/EditorMaterials/MatineeGroups/MAT_Groups_Float.uasset" 98
"../../../Engine/Content/EditorMaterials/MatineeGroups/MAT_Groups_Move.uasset" 99
"../../../Engine/Content/EditorMaterials/MatineeGroups/MAT_Groups_Slomo.uasset" 100
"../../../Engine/Content/EditorMaterials/MatineeGroups/MAT_Groups_Sound.uasset" 101
"../../../Engine/Content/EditorMaterials/MatineeGroups/MAT_Groups_Vector.uasset" 102
"../../../Engine/Content/EditorMaterials/ParticleSystems/PSysThumbnail_NoImage.uasset" 103
"../../../Engine/Content/EditorMaterials/ParticleSystems/PSysThumbnail_OOD.uasset" 104
"../../../Engine/Content/EngineMaterials/Grid.uasset" 105
"../../../Engine/Content/EditorMaterials/Thumbnails/FloorPlaneMaterial.uasset" 106
"../../../Engine/Content/EditorMeshes/EditorCylinder.uasset" 107
"../../../Engine/Content/EditorMeshes/EditorPlane.uasset" 108
"../../../Engine/Content/EditorMaterials/Thumbnails/SkySphereMaterial.uasset" 109
"../../../Engine/Content/EditorMeshes/EditorSkySphere.uasset" 110
"../../../Engine/Content/EditorMeshes/EditorSphere.uasset" 111
"../../../Engine/Content/EditorResources/MatineeCam_D.uasset" 112
"../../../Engine/Content/EditorMaterials/MatineeCam_mat.uasset" 113
"../../../Engine/Content/EditorMeshes/MatineeCam_SM.uasset" 114
"../../../Engine/Content/EditorMaterials/Camera/CineMat.uasset" 115
"../../../Engine/Content/EditorMaterials/Camera/MI_CineMat_CameraBody.uasset" 116
"../../../Engine/Content/EngineDebugMaterials/M_SimpleOpaque.uasset" 117
"../../../Engine/Content/EditorMaterials/Camera/MI_CineMat_CamViewFinder.uasset" 118
"../../../Engine/Content/EditorMeshes/Camera/SM_CineCam.uasset" 119
"../../../Engine/Content/EditorMaterials/Camera/MI_CineMat_Rig.uasset" 120
"../../../Engine/Content/EditorMeshes/Camera/SM_CraneRig_Arm.uasset" 121
"../../../Engine/Content/EditorMeshes/Camera/SM_CraneRig_Base.uasset" 122
"../../../Engine/Content/EditorMeshes/Camera/SM_CraneRig_Body.uasset" 123
"../../../Engine/Content/EditorMeshes/Camera/SM_CraneRig_Mount.uasset" 124
"../../../Engine/Content/EditorMeshes/Camera/SM_RailRig_Mount.uasset" 125
"../../../Engine/Content/EditorMeshes/Camera/SM_RailRig_Track.uasset" 126
"../../../Engine/Content/EditorMeshes/ColorCalibrator/M_ChromeBall.uasset" 127
"../../../Engine/Content/EditorMeshes/ColorCalibrator/M_ClearCoat.uasset" 128
"../../../Engine/Content/EditorMeshes/ColorCalibrator/M_ClearCoatBlack.uasset" 129
"../../../Engine/Content/EditorMeshes/ColorCalibrator/T_ColorGrid.uasset" 130
"../../../Engine/Content/EditorMeshes/ColorCalibrator/M_ColorGrid.uasset" 131
"../../../Engine/Content/EditorMeshes/ColorCalibrator/M_GreyBall.uasset" 132
"../../../Engine/Content/EditorMeshes/ColorCalibrator/SM_ColorCalibrator.uasset" 133
"../../../Engine/Content/EditorResources/Bad.uasset" 134
"../../../Engine/Content/EditorResources/BSPVertex.uasset" 135
"../../../Engine/Content/EditorResources/EmptyActor.uasset" 136
"../../../Engine/Content/EditorResources/MatInstActSprite.uasset" 137
"../../../Engine/Content/EditorResources/SceneManager.uasset" 138
"../../../Engine/Content/EditorResources/SmallFont.uasset" 139
"../../../Engine/Content/EditorResources/S_Actor.uasset" 140
"../../../Engine/Content/EditorResources/S_DecalActorIcon.uasset" 141
"../../../Engine/Content/EditorResources/S_Emitter.uasset" 142
"../../../Engine/Content/EditorResources/S_ExpoHeightFog.uasset" 143
"../../../Engine/Content/EditorResources/S_FTest.uasset" 144
"../../../Engine/Content/EditorResources/S_KBSJoint.uasset" 145
"../../../Engine/Content/EditorResources/S_KHinge.uasset" 146
"../../../Engine/Content/EditorResources/S_KPrismatic.uasset" 147
"../../../Engine/Content/EditorResources/S_LevelSequence.uasset" 148
"../../../Engine/Content/EditorResources/S_NavP.uasset" 149
"../../../Engine/Content/EditorResources/S_Note.uasset" 150
"../../../Engine/Content/EditorResources/S_Player.uasset" 151
"../../../Engine/Content/EditorResources/S_PortalActorIcon2.uasset" 152
"../../../Engine/Content/EditorResources/S_RadForce.uasset" 153
"../../../Engine/Content/EditorResources/S_ReflActorIcon.uasset" 154
"../../../Engine/Content/EditorResources/S_Terrain.uasset" 155
"../../../Engine/Content/EditorResources/S_TextRenderActorIcon.uasset" 156
"../../../Engine/Content/EditorResources/S_Thruster.uasset" 157
"../../../Engine/Content/EditorResources/S_Trigger.uasset" 158
"../../../Engine/Content/EditorResources/S_VectorFieldVol.uasset" 159
"../../../Engine/Content/EditorResources/S_WindDirectional.uasset" 160
"../../../Engine/Content/EditorResources/AI/S_NavLink.uasset" 161
"../../../Engine/Content/EditorResources/AudioIcons/S_AudioComponent.uasset" 162
"../../../Engine/Content/EditorResources/AudioIcons/S_AudioComponent_AutoActivate.uasset" 163
"../../../Engine/Content/EditorResources/LightIcons/SkyLight.uasset" 164
"../../../Engine/Content/EditorResources/LightIcons/S_LightDirectional.uasset" 165
"../../../Engine/Content/EditorResources/LightIcons/S_LightDirectionalMove.uasset" 166
"../../../Engine/Content/EditorResources/LightIcons/S_LightError.uasset" 167
"../../../Engine/Content/EditorResources/LightIcons/S_LightPoint.uasset" 168
"../../../Engine/Content/EditorResources/LightIcons/S_LightPointMove.uasset" 169
"../../../Engine/Content/EditorResources/LightIcons/S_LightSpot.uasset" 170
"../../../Engine/Content/EditorResources/LightIcons/S_LightSpotMove.uasset" 171
"../../../Engine/Content/EditorResources/SequenceRecorder/Countdown.uasset" 172
"../../../Engine/Content/EditorResources/SequenceRecorder/RecordingIndicator.uasset" 173
"../../../Engine/Content/EditorResources/Spline/T_Loft_Spline.uasset" 174
"../../../Engine/Content/EditorSounds/Notifications/CompileFailed.uasset" 175
"../../../Engine/Content/EditorSounds/Notifications/CompileFailed_Cue.uasset" 176
"../../../Engine/Content/EditorSounds/Notifications/CompileSuccess.uasset" 177
"../../../Engine/Content/EditorSounds/Notifications/CompileStart_Cue.uasset" 178
"../../../Engine/Content/EditorSounds/Notifications/CompileSuccess_Cue.uasset" 179
"../../../Engine/Content/EngineDamageTypes/DmgTypeBP_Environmental.uasset" 180
"../../../Engine/Content/EngineDebugMaterials/HeatmapGradient.uasset" 181
"../../../Engine/Content/EngineDebugMaterials/BoneWeightMaterial.uasset" 182
"../../../Engine/Content/EngineDebugMaterials/ClothMaterial.uasset" 183
"../../../Engine/Content/EngineDebugMaterials/ClothMaterial_WF.uasset" 184
"../../../Engine/Content/EngineDebugMaterials/DebugEditorMaterial.uasset" 185
"../../../Engine/Content/EngineDebugMaterials/DebugMeshMaterial.uasset" 186
"../../../Engine/Content/EngineDebugMaterials/GeomMaterial.uasset" 187
"../../../Engine/Content/Functions/Engine_MaterialFunctions01/Shading/ConvertFromDiffSpec.uasset" 188
"../../../Engine/Content/EngineDebugMaterials/LevelColorationLitMaterial.uasset" 189
"../../../Engine/Content/EngineDebugMaterials/LevelColorationUnlitMaterial.uasset" 190
"../../../Engine/Content/EngineMaterials/DefaultWhiteGrid.uasset" 191
"../../../Engine/Content/EngineDebugMaterials/MAT_LevelColorationLitLightmapUV.uasset" 192
"../../../Engine/Content/EngineDebugMaterials/M_SimpleTranslucent.uasset" 193
"../../../Engine/Content/EngineDebugMaterials/ShadedLevelColorationLitMaterial.uasset" 194
"../../../Engine/Content/EngineDebugMaterials/ShadedLevelColorationUnlitMateri.uasset" 195
"../../../Engine/Content/EngineDebugMaterials/VertexColorMaterial.uasset" 196
"../../../Engine/Content/EngineDebugMaterials/VertexColorViewMode_AlphaAsColor.uasset" 197
"../../../Engine/Content/EngineDebugMaterials/VertexColorViewMode_BlueOnly.uasset" 198
"../../../Engine/Content/EngineDebugMaterials/VertexColorViewMode_ColorOnly.uasset" 199
"../../../Engine/Content/EngineDebugMaterials/VertexColorViewMode_GreenOnly.uasset" 200
"../../../Engine/Content/EngineDebugMaterials/VertexColorViewMode_RedOnly.uasset" 201
"../../../Engine/Content/EngineDebugMaterials/WireframeMaterial.uasset" 202
"../../../Engine/Content/EngineFonts/Faces/RobotoBold.uasset" 203
"../../../Engine/Content/EngineFonts/Faces/RobotoBoldItalic.uasset" 204
"../../../Engine/Content/EngineFonts/Faces/RobotoItalic.uasset" 205
"../../../Engine/Content/EngineFonts/Faces/RobotoLight.uasset" 206
"../../../Engine/Content/EngineFonts/Faces/RobotoRegular.uasset" 207
"../../../Engine/Content/EngineFonts/Roboto.uasset" 208
"../../../Engine/Content/EngineFonts/Faces/RobotoTiny.uasset" 209
"../../../Engine/Content/EngineFonts/RobotoTiny.uasset" 210
"../../../Engine/Content/EngineFonts/SmallFont.uasset" 211
"../../../Engine/Content/EngineFonts/TinyFont.uasset" 212
"../../../Engine/Content/EngineResources/WhiteSquareTexture.uasset" 213
"../../../Engine/Content/EngineMaterials/BlinkingCaret.uasset" 214
"../../../Engine/Content/EngineMaterials/DefaultBloomKernel.uasset" 215
"../../../Engine/Content/EngineMaterials/DefaultBokeh.uasset" 216
"../../../Engine/Content/EngineMaterials/DefaultDiffuse.uasset" 217
"../../../Engine/Content/EngineMaterials/DefaultDeferredDecalMaterial.uasset" 218
"../../../Engine/Content/EngineMaterials/DefaultLightFunctionMaterial.uasset" 219
"../../../Engine/Content/EngineMaterials/DefaultNormal.uasset" 220
"../../../Engine/Content/EngineMaterials/DefaultPostProcessMaterial.uasset" 221
"../../../Engine/Content/EngineFonts/RobotoDistanceField.uasset" 222
"../../../Engine/Content/EngineMaterials/DefaultTextMaterialOpaque.uasset" 223
"../../../Engine/Content/EngineMaterials/EditorBrushMaterial.uasset" 224
"../../../Engine/Content/EngineMaterials/Good64x64TilingNoiseHighFreq.uasset" 225
"../../../Engine/Content/EngineMaterials/Grid_N.uasset" 226
"../../../Engine/Content/EngineMaterials/HighResolutionScreenshotMaskFunction.uasset" 227
"../../../Engine/Content/EngineMaterials/HighResScreenshot.uasset" 228
"../../../Engine/Content/EngineMaterials/HighResScreenshotCaptureRegion.uasset" 229
"../../../Engine/Content/EngineMaterials/HighResScreenshotMask.uasset" 230
"../../../Engine/Content/EngineMaterials/LandscapeHolePhysicalMaterial.uasset" 231
"../../../Engine/Content/EngineMaterials/InvalidLightmapSettings.uasset" 232
"../../../Engine/Content/EngineMaterials/M_InvalidLightmapSettings.uasset" 233
"../../../Engine/Content/EngineMaterials/PaperDiffuse.uasset" 234
"../../../Engine/Content/EngineMaterials/PaperNormal.uasset" 235
"../../../Engine/Content/EngineMaterials/PhAT_JointLimitMaterial.uasset" 236
"../../../Engine/Content/EngineMaterials/PhysMat_Rubber.uasset" 237
"../../../Engine/Content/EngineMaterials/PreintegratedSkinBRDF.uasset" 238
"../../../Engine/Content/EngineMaterials/RemoveSurfaceMaterial.uasset" 239
"../../../Engine/Content/EngineMaterials/WeightMapPlaceholderTexture.uasset" 240
"../../../Engine/Content/EngineMaterials/Widget3DPassThrough.uasset" 241
"../../../Engine/Content/EngineMaterials/Widget3DPassThrough_Masked.uasset" 242
"../../../Engine/Content/EngineMaterials/Widget3DPassThrough_Opaque.uasset" 243
"../../../Engine/Content/EngineMaterials/Widget3DPassThrough_Masked_OneSided.uasset" 244
"../../../Engine/Content/EngineMaterials/Widget3DPassThrough_Opaque_OneSided.uasset" 245
"../../../Engine/Content/EngineMaterials/Widget3DPassThrough_Translucent.uasset" 246
"../../../Engine/Content/EngineMaterials/Widget3DPassThrough_Translucent_OneSided.uasset" 247
"../../../Engine/Content/EngineMeshes/Cube.uasset" 248
"../../../Engine/Content/EngineMeshes/Cylinder.uasset" 249
"../../../Engine/Content/EngineMeshes/Sphere.uasset" 250
"../../../Engine/Content/EngineResources/Black.uasset" 251
"../../../Engine/Content/EngineResources/DefaultTexture.uasset" 252
"../../../Engine/Content/EngineResources/DefaultTextureCube.uasset" 253
"../../../Engine/Content/EngineResources/GradientTexture0.uasset" 254
"../../../Engine/Content/EngineResources/StreamingPauseIcon.uasset" 255
"../../../Engine/Content/EngineResources/M_StreamingPause.uasset" 256
"../../../Engine/Content/EngineSounds/Master.uasset" 257
"../../../Engine/Content/Functions/Engine_MaterialFunctions01/Shading/PowerToRoughness.uasset" 258
"../../../Engine/Content/Maps/Templates/Thumbnails/Default.uasset" 259
"../../../Engine/Content/Maps/Templates/Thumbnails/VR-Basic.uasset" 260
"../../../Engine/Content/MapTemplates/Sky/DaylightAmbientCubemap.uasset" 261
"../../../Engine/Content/MobileResources/T_MobileControls_texture.uasset" 262
"../../../Engine/Content/MobileResources/T_MobileMenu2.uasset" 263
"../../../Engine/Content/MobileResources/HUD/AnalogHat.uasset" 264
"../../../Engine/Content/MobileResources/HUD/VirtualJoystick_Background.uasset" 265
"../../../Engine/Content/MobileResources/HUD/VirtualJoystick_Thumb.uasset" 266
"../../../Engine/Content/MobileResources/HUD/DefaultVirtualJoysticks.uasset" 267
"../../../Engine/Content/MobileResources/HUD/LeftVirtualJoystickOnly.uasset" 268
"../../../Engine/Content/MobileResources/HUD/MobileHUDButton1_off.uasset" 269
"../../../Engine/Content/MobileResources/HUD/MobileHUDButton1_on.uasset" 270
"../../../Engine/Content/MobileResources/HUD/MobileHUDButton2_off.uasset" 271
"../../../Engine/Content/MobileResources/HUD/MobileHUDButton2_on.uasset" 272
"../../../Engine/Content/MobileResources/HUD/MobileHUDButton3.uasset" 273
"../../../Engine/Content/MobileResources/HUD/MobileHUDButtonFire.uasset" 274
"../../../Engine/Content/MobileResources/HUD/MobileHUDDirectionPad.uasset" 275
"../../../Engine/Content/MobileResources/HUD/MobileHUDDirectionPad2.uasset" 276
"../../../Engine/Content/MobileResources/HUD/MobileHUDDirectionPad3.uasset" 277
"../../../Engine/Content/MobileResources/HUD/MobileHUDDirectionStick.uasset" 278
"../../../Engine/Content/MobileResources/HUD/T_Castle_ThumbstickInner.uasset" 279
"../../../Engine/Content/MobileResources/HUD/T_Castle_ThumbstickOutter.uasset" 280
"../../../Engine/Content/Tutorial/ContentIntroCurve.uasset" 281
"../../../Engine/Content/Tutorial/Basics/TutorialAssets/icon_tab_Levels_40x.uasset" 282
"../../../Engine/Content/Tutorial/BlueprintTutorials/TutorialAssets/BlueprintInterface_64x.uasset" 283
"../../../Engine/Content/Tutorial/BlueprintTutorials/TutorialAssets/BlueprintMacroLibrary_64x.uasset" 284
"../../../Engine/Content/Tutorial/BlueprintTutorials/TutorialAssets/Blueprint_64x.uasset" 285
"../../../Engine/Content/Tutorial/BlueprintTutorials/TutorialAssets/Tutorial_BP_Interface.uasset" 286
"../../../Engine/Content/Tutorial/Foliage/TutorialAssets/Foliage.uasset" 287
"../../../Engine/Content/Tutorial/Landscape/TutorialAssets/Landscape.uasset" 288
"../../../Engine/Content/Tutorial/Paper2D/TutorialAssets/Paper2DFlipbook_TutorialIcon.uasset" 289
"../../../Engine/Content/Tutorial/Paper2D/TutorialAssets/Paper2DSprite_TutorialIcon.uasset" 290
"../../../Engine/Content/Tutorial/SubEditors/TutorialAssets/icon_Editor_Preferences_General_40x.uasset" 291
"../../../Engine/Content/Tutorial/SubEditors/TutorialAssets/icon_ShowSkeletalMeshes_40x.uasset" 292
"../../../Engine/Content/Tutorial/SubEditors/TutorialAssets/TutorialMaterial.uasset" 293
"../../../Engine/Content/Tutorial/SubEditors/TutorialAssets/T_SmokeSubUV_8X8.uasset" 294
"../../../Engine/Content/Tutorial/SubEditors/TutorialAssets/T_soft_smoke.uasset" 295
"../../../Engine/Content/Tutorial/SubEditors/TutorialAssets/M_smoke_subUV_blackbody.uasset" 296
"../../../Engine/Content/Tutorial/SubEditors/TutorialAssets/TutorialParticleSystem.uasset" 297
"../../../Engine/Content/EditorMeshes/EditorCube.uasset" 298
"../../../Engine/Content/Tutorial/SubEditors/TutorialAssets/Tutorial_DM.uasset" 299
"../../../Engine/Content/VREditor/Devices/Generic/GenericHMDMaterial.uasset" 300
"../../../Engine/Content/VREditor/Devices/Generic/GenericHMD.uasset" 301
"../../../Engine/Content/VREditor/FloatingText/LineMaterial.uasset" 302
"../../../Engine/Content/VREditor/FloatingText/JointSphere.uasset" 303
"../../../Engine/Content/VREditor/FloatingText/LineSegmentCylinder.uasset" 304
"../../../Engine/Content/VREditor/Fonts/VRText_RobotoLarge.uasset" 305
"../../../Engine/Content/VREditor/Fonts/VRTextMaterial.uasset" 306
"../../../Engine/Content/VREditor/Fonts/TranslucentVRTextMaterial.uasset" 307
"../../../Engine/Content/VREditor/LaserPointer/CursorPointer.uasset" 308
"../../../Engine/Content/VREditor/LaserPointer/VR_LaserPower_01.uasset" 309
"../../../Engine/Content/VREditor/TransformGizmo/TransformGizmoMaterial.uasset" 310
"../../../Engine/Content/VREditor/LaserPointer/HoverMaterial.uasset" 311
"../../../Engine/Content/VREditor/TransformGizmo/TranslucentTransformGizmoMaterial.uasset" 312
"../../../Engine/Content/VREditor/LaserPointer/TranslucentHoverMaterial.uasset" 313
"../../../Engine/Content/VREditor/LaserPointer/HoverMesh.uasset" 314
"../../../Engine/Content/VREditor/LaserPointer/LaserPointerMaterial.uasset" 315
"../../../Engine/Content/VREditor/LaserPointer/LaserPointerMaterialInst.uasset" 316
"../../../Engine/Content/VREditor/LaserPointer/TranslucentLaserPointerMaterialInst.uasset" 317
"../../../Engine/Content/VREditor/LaserPointer/LaserPointerMesh.uasset" 318
"../../../Engine/Content/VREditor/LaserPointer/LaserPointerMesh_End.uasset" 319
"../../../Engine/Content/VREditor/LaserPointer/LaserPointerMesh_Start.uasset" 320
"../../../Engine/Content/Functions/Engine_MaterialFunctions02/Utility/BreakOutFloat3Components.uasset" 321
"../../../Engine/Content/Functions/Engine_MaterialFunctions02/Math/Transform3x3Matrix.uasset" 322
"../../../Engine/Content/Functions/Engine_MaterialFunctions02/SplitComponents.uasset" 323
"../../../Engine/Content/VREditor/SnapGrid/SnapGridMaterial.uasset" 324
"../../../Engine/Content/VREditor/SnapGrid/SnapGridPlaneMesh.uasset" 325
"../../../Engine/Content/VREditor/Sounds/VR_teleport.uasset" 326
"../../../Engine/Content/VREditor/Sounds/UI/Click_on_Button_Cue.uasset" 327
"../../../Engine/Content/VREditor/Sounds/UI/Dockable_Window_Close.uasset" 328
"../../../Engine/Content/VREditor/Sounds/UI/Dockable_Window_Drop.uasset" 329
"../../../Engine/Content/VREditor/Sounds/UI/Dockable_Window_Open.uasset" 330
"../../../Engine/Content/VREditor/Sounds/UI/Dockable_Window_Pick_Up.uasset" 331
"../../../Engine/Content/VREditor/Sounds/UI/Drop_Item_From_ContentBrowser.uasset" 332
"../../../Engine/Content/VREditor/Sounds/UI/Floating_UI_Open-001.uasset" 333
"../../../Engine/Content/VREditor/Sounds/UI/Gizmo_Handle_Clicked.uasset" 334
"../../../Engine/Content/VREditor/Sounds/UI/Object_PickUp.uasset" 335
"../../../Engine/Content/VREditor/Sounds/UI/Object_Snaps_To_Another_Actor.uasset" 336
"../../../Engine/Content/VREditor/Sounds/UI/Object_Snaps_To_Grid.uasset" 337
"../../../Engine/Content/VREditor/Sounds/UI/Radial_Menu_FadeOut.uasset" 338
"../../../Engine/Content/VREditor/Sounds/UI/Scaling_Down.uasset" 339
"../../../Engine/Content/VREditor/Sounds/UI/Scaling_Up.uasset" 340
"../../../Engine/Content/VREditor/Sounds/UI/Selection_Changes.uasset" 341
"../../../Engine/Content/VREditor/Sounds/UI/Teleport_Mode_Entered.uasset" 342
"../../../Engine/Content/VREditor/Teleport/TeleportDirectionMaterial.uasset" 343
"../../../Engine/Content/VREditor/Teleport/TeleportDirectionMaterial_Inst.uasset" 344
"../../../Engine/Content/VREditor/Teleport/TeleportDirectionMesh.uasset" 345
"../../../Engine/Content/VREditor/TransformGizmo/BoundingBoxCorner.uasset" 346
"../../../Engine/Content/VREditor/TransformGizmo/BoundingBoxEdge.uasset" 347
"../../../Engine/Content/VREditor/TransformGizmo/PlaneTranslationHandle.uasset" 348
"../../../Engine/Content/VREditor/TransformGizmo/RotationHandleFull.uasset" 349
"../../../Engine/Content/VREditor/TransformGizmo/RotationHandleIndicator.uasset" 350
"../../../Engine/Content/VREditor/TransformGizmo/RotationHandleQuarter.uasset" 351
"../../../Engine/Content/VREditor/TransformGizmo/Main.uasset" 352
"../../../Engine/Content/VREditor/TransformGizmo/Xray.uasset" 353
"../../../Engine/Content/VREditor/TransformGizmo/SM_Dialog_Close.uasset" 354
"../../../Engine/Content/VREditor/TransformGizmo/SM_Dialog_Move.uasset" 355
"../../../Engine/Content/VREditor/TransformGizmo/SM_Sequencer_Key.uasset" 356
"../../../Engine/Content/VREditor/TransformGizmo/StartRotationHandleIndicator.uasset" 357
"../../../Engine/Content/VREditor/TransformGizmo/TranslucentTransformGizmoMaterial_Inst.uasset" 358
"../../../Engine/Content/VREditor/TransformGizmo/TransformGizmoFreeRotation.uasset" 359
"../../../Engine/Content/VREditor/TransformGizmo/TransformGizmoMaterial_Inst.uasset" 360
"../../../Engine/Content/VREditor/TransformGizmo/TranslateArrowHandle.uasset" 361
"../../../Engine/Content/VREditor/TransformGizmo/UniformScaleHandle.uasset" 362
"../../../Engine/Content/VREditor/UI/KeyDiskMaterial.uasset" 363
"../../../Engine/Content/VREditor/UI/DiscMaterial.uasset" 364
"../../../Engine/Content/VREditor/UI/SM_Radial_Disk.uasset" 365
"../../../Engine/Content/Functions/Engine_MaterialFunctions01/Gradient/RadialGradient.uasset" 366
"../../../Engine/Content/VREditor/WorldMovementGrid/SimpleGrid.uasset" 367
"../../../Engine/Content/VREditor/WorldMovementGrid/GridMaterial.uasset" 368
"../../../Engine/Content/Functions/Engine_MaterialFunctions01/Density/ExponentialDensity.uasset" 369
"../../../Engine/Content/VREditor/WorldMovementGrid/GridPostProcess.uasset" 370
"../../../Engine/Content/EditorLandscapeResources/FlattenHeightMat.uasset" 371
"../../../Engine/Content/VREditor/WorldMovementGrid/PlaneMesh.uasset" 372
"../../../TestingGrounds/Content/FirstPerson/Textures/FirstPersonCrosshair.uasset" 373
"../../../TestingGrounds/Content/InfinityBladeGrassLands/Environments/Breakables/Materials/M_Breakables_Barrels.uasset" 374
"../../../TestingGrounds/Content/InfinityBladeGrassLands/Environments/SurfaceTypes/PhysicalMaterial_Stone.uasset" 375
"../../../Engine/Content/Functions/Engine_MaterialFunctions01/WorldPositionOffset/SimpleGrassWind.uasset" 376
"../../../TestingGrounds/Content/LowPolyForest/Textures/Tree_Atlas_01.uasset" 377
"../../../TestingGrounds/Content/LowPolyForest/Textures/Tree_Atlas_01_NRM.uasset" 378
"../../../TestingGrounds/Content/LowPolyForest/Textures/Tree_Atlas_01_Rough.uasset" 379
"../../../TestingGrounds/Content/LowPolyForest/Materials/Tree_Atlas_01.uasset" 380
"../../../TestingGrounds/Content/LowPolyForest/Ground_Plants/Fern_04.uasset" 381
"../../../TestingGrounds/Content/LowPolyForest/Ground_Plants/Ground_Plant_03.uasset" 382
"../../../TestingGrounds/Content/LowPolyForest/Ground_Plants/Ground_Plant_04.uasset" 383
"../../../Engine/Content/EngineMeshes/Humanoid.uasset" 384
"../../../TestingGrounds/Content/SciFi_Space_Soldier/Textures/T_SpaceSoldier_Armor_B_Torso_CM.uasset" 385
"../../../TestingGrounds/Content/SciFi_Space_Soldier/Textures/T_SpaceSoldier_Armor_B_Torso_D.uasset" 386
"../../../TestingGrounds/Content/SciFi_Space_Soldier/Textures/T_SpaceSoldier_Armor_B_Torso_E.uasset" 387
"../../../TestingGrounds/Content/SciFi_Space_Soldier/Textures/T_SpaceSoldier_Armor_B_Torso_N.uasset" 388
"../../../TestingGrounds/Content/SciFi_Space_Soldier/Textures/T_SpaceSoldier_Armor_B_Torso_ORM.uasset" 389
"../../../TestingGrounds/Content/SciFi_Space_Soldier/Materials/M_SpaceSoldier_Default.uasset" 390
"../../../TestingGrounds/Content/SciFi_Space_Soldier/Textures/T_SpaceSoldier_Armor_B_Head_CM.uasset" 391
"../../../TestingGrounds/Content/SciFi_Space_Soldier/Textures/T_SpaceSoldier_Armor_B_Head_E.uasset" 392
"../../../TestingGrounds/Content/SciFi_Space_Soldier/Textures/T_SpaceSoldier_Armor_B_Head_N.uasset" 393
"../../../TestingGrounds/Content/SciFi_Space_Soldier/Textures/T_SpaceSoldier_Armor_B_Head_ORM.uasset" 394
"../../../TestingGrounds/Content/ThirdPersonModels/flecktarn.uasset" 395
"../../../TestingGrounds/Content/SciFi_Space_Soldier/Materials/MI_SciFi_SpaceSoldier_Head_3.uasset" 396
"../../../TestingGrounds/Content/ThirdPersonModels/M_SpaceSoldier_Default.uasset" 397
"../../../TestingGrounds/Content/SciFi_Space_Soldier/Textures/T_SpaceSoldier_Armor_B_Legs_CM.uasset" 398
"../../../TestingGrounds/Content/SciFi_Space_Soldier/Textures/T_SpaceSoldier_Armor_B_Legs_N.uasset" 399
"../../../TestingGrounds/Content/SciFi_Space_Soldier/Textures/T_SpaceSoldier_Armor_B_Legs_ORM.uasset" 400
"../../../TestingGrounds/Content/SciFi_Space_Soldier/Textures/T_SpaceSoldier_Black.uasset" 401
"../../../TestingGrounds/Content/SciFi_Space_Soldier/Materials/MI_SciFi_SpaceSoldier_Legs_3.uasset" 402
"../../../TestingGrounds/Content/SciFi_Space_Soldier/Materials/MI_SciFi_SpaceSoldier_Torso_3.uasset" 403
"../../../TestingGrounds/Content/SciFi_Space_Soldier/MeshesEpicSkeleton/SK_SciFi_Space_Soldier_EpicSkel.uasset" 404
"../../../TestingGrounds/Content/SciFi_Space_Soldier/MeshesEpicSkeleton/SK_SciFi_Space_Soldier_EpicSkel_Skeleton.uasset" 405
"../../../TestingGrounds/Content/SciFi_Space_Soldier/Animations/Crouch_Walk_Bwd_Rifle_Hip.uasset" 406
"../../../TestingGrounds/Content/SciFi_Space_Soldier/Animations/Crouch_Walk_Fwd_Rifle_Hip.uasset" 407
"../../../TestingGrounds/Content/SciFi_Space_Soldier/Animations/Crouch_Walk_Lt_Rifle_Hip.uasset" 408
"../../../TestingGrounds/Content/SciFi_Space_Soldier/Animations/Crouch_Walk_Rt_Rifle_Hip.uasset" 409
"../../../TestingGrounds/Content/SciFi_Space_Soldier/Animations/BS_CrouchWalk1.uasset" 410
"../../../TestingGrounds/Content/SciFi_Space_Soldier/Animations/Jog_Bwd_Rifle.uasset" 411
"../../../TestingGrounds/Content/SciFi_Space_Soldier/Animations/Jog_Fwd_Rifle.uasset" 412
"../../../TestingGrounds/Content/SciFi_Space_Soldier/Animations/Jog_Lt_Rifle.uasset" 413
"../../../TestingGrounds/Content/SciFi_Space_Soldier/Animations/Jog_Rt_Rifle.uasset" 414
"../../../TestingGrounds/Content/SciFi_Space_Soldier/Animations/BS_Jog1.uasset" 415
"../../../TestingGrounds/Content/SciFi_Space_Soldier/Animations/Crouch_Idle_Rifle_Hip.uasset" 416
"../../../TestingGrounds/Content/SciFi_Space_Soldier/Animations/Idle_Rifle_Hip.uasset" 417
"../../../TestingGrounds/Content/SciFi_Space_Soldier/Animations/Jump_From_Jog.uasset" 418
"../../../TestingGrounds/Content/SciFi_Space_Soldier/Animations/Idle_Rifle_Ironsights.uasset" 419
"../../../TestingGrounds/Content/SciFi_Space_Soldier/MeshesEpicSkeleton/Rifle_Idle__1__Anim_mixamo_com.uasset" 420
"../../../TestingGrounds/Content/SciFi_Space_Soldier/MeshesEpicSkeleton/GunRun.uasset" 421
"../../../TestingGrounds/Content/ThirdPersonCPP/Animations/Jump_From_Stand1.uasset" 422
"../../../TestingGrounds/Content/WAVImports/bensound-instinct.uasset" 423
"../../../TestingGrounds/Content/WAVImports/bensound-ofeliasdream.uasset" 424
"../../../TestingGrounds/Content/WAVImports/footsteps1.uasset" 425
"../../../TestingGrounds/Content/WAVImports/footsteps2.uasset" 426
"../../../TestingGrounds/Content/WAVImports/jogfootsteps.uasset" 427
"../../../TestingGrounds/Content/WAVImports/jogfootstepsv2.uasset" 428
"../../../TestingGrounds/Content/WAVImports/jogfootstepsv3.uasset" 429
"../../../Engine/Plugins/2D/Paper2D/Content/PlaceholderTextures/DummySpriteTexture.uasset" 430
"../../../Engine/Plugins/2D/Paper2D/Content/DummySprite.uasset" 431
"../../../Engine/Plugins/2D/Paper2D/Content/DefaultPaperTerrainMaterial.uasset" 432
"../../../Engine/Plugins/2D/Paper2D/Content/DefaultSpriteMaterial.uasset" 433
"../../../Engine/Plugins/2D/Paper2D/Content/MaskedUnlitSpriteMaterial.uasset" 434
"../../../Engine/Plugins/2D/Paper2D/Content/OpaqueUnlitSpriteMaterial.uasset" 435
"../../../Engine/Plugins/Runtime/Oculus/OculusVR/Content/Textures/GearVRController_AO.uasset" 436
"../../../Engine/Plugins/Runtime/Oculus/OculusVR/Content/Textures/GearVRController_Color.uasset" 437
"../../../Engine/Plugins/Runtime/Oculus/OculusVR/Content/Textures/GearVRController_Normal.uasset" 438
"../../../Engine/Plugins/Runtime/Oculus/OculusVR/Content/Materials/GearVRControllerMaterial.uasset" 439
"../../../Engine/Plugins/Runtime/Oculus/OculusVR/Content/Meshes/GearVrController.uasset" 440
"../../../Engine/Content/Maps/Entry.umap" 441
"../../../TestingGrounds/Content/SciFi_Space_Soldier/Animations/Aim_Space_Ironsights.uasset" 442
"../../../TestingGrounds/Content/SciFi_Space_Soldier/MeshesEpicSkeleton/Crouch_Idle_Rifle_Ironsights.uasset" 443
"../../../TestingGrounds/Content/FirstPerson/Character/Mesh/SK_Mannequin_Arms_Skeleton.uasset" 444
"../../../TestingGrounds/Content/FirstPerson/Animations/FirstPerson_Idle.uasset" 445
"../../../TestingGrounds/Content/FirstPerson/Animations/FirstPerson_JumpEnd.uasset" 446
"../../../TestingGrounds/Content/FirstPerson/Animations/FirstPerson_JumpLoop.uasset" 447
"../../../TestingGrounds/Content/FirstPerson/Animations/FirstPerson_JumpStart.uasset" 448
"../../../TestingGrounds/Content/FirstPerson/Animations/FirstPerson_Run.uasset" 449
"../../../Engine/Content/EditorBlueprintResources/StandardMacros.uasset" 450
"../../../TestingGrounds/Content/FirstPerson/Animations/FirstPerson_AnimBP.uasset" 451
"../../../TestingGrounds/Content/FirstPerson/Animations/FirstPerson_Fire.uasset" 452
"../../../TestingGrounds/Content/FirstPerson/Animations/FirstPersonFire_Montage.uasset" 453
"../../../TestingGrounds/Content/FirstPerson/Meshes/BaseMaterial.uasset" 454
"../../../TestingGrounds/Content/FirstPerson/Meshes/FirstPersonProjectileMaterial.uasset" 455
"../../../TestingGrounds/Content/FirstPerson/Meshes/FirstPersonProjectileMesh.uasset" 456
"../../../TestingGrounds/Content/StarterContent/Particles/Materials/M_Radial_Gradient.uasset" 457
"../../../TestingGrounds/Content/StarterContent/Textures/T_Smoke_SubUV.uasset" 458
"../../../TestingGrounds/Content/StarterContent/Textures/T_Smoke_Tiled_D.uasset" 459
"../../../TestingGrounds/Content/StarterContent/Particles/Materials/M_smoke_subUV.uasset" 460
"../../../TestingGrounds/Content/StarterContent/Textures/T_Spark_Core.uasset" 461
"../../../TestingGrounds/Content/StarterContent/Particles/Materials/M_Spark.uasset" 462
"../../../TestingGrounds/Content/StarterContent/Particles/P_Sparks.uasset" 463
"../../../TestingGrounds/Content/FirstPersonCPP/Blueprints/FirstPersonProjectile.uasset" 464
"../../../TestingGrounds/Content/FirstPerson/Audio/FirstPersonTemplateWeaponFire02.uasset" 465
"../../../Engine/Content/Functions/Engine_MaterialFunctions02/Utility/BlendAngleCorrectedNormals.uasset" 466
"../../../Engine/Content/Functions/MaterialLayerFunctions/MatLayerBlend_NormalBlend.uasset" 467
"../../../Engine/Content/Functions/MaterialLayerFunctions/MatLayerBlend_Simple.uasset" 468
"../../../TestingGrounds/Content/FirstPerson/Character/Materials/MaterialLayers/T_ML_Rubber_Blue_01_D.uasset" 469
"../../../TestingGrounds/Content/FirstPerson/Character/Materials/MaterialLayers/T_ML_Rubber_Blue_01_N.uasset" 470
"../../../TestingGrounds/Content/FirstPerson/Character/Materials/MaterialLayers/ML_GlossyBlack_Latex_UE4.uasset" 471
"../../../TestingGrounds/Content/FirstPerson/Character/Materials/MaterialLayers/ML_Plastic_Shiny_Beige.uasset" 472
"../../../TestingGrounds/Content/FirstPerson/Character/Textures/UE4_LOGO_CARD.uasset" 473
"../../../TestingGrounds/Content/FirstPerson/Character/Materials/MaterialLayers/ML_Plastic_Shiny_Beige_LOGO.uasset" 474
"../../../TestingGrounds/Content/FirstPerson/Character/Materials/MaterialLayers/T_ML_Aluminum01.uasset" 475
"../../../TestingGrounds/Content/FirstPerson/Character/Materials/MaterialLayers/T_ML_Aluminum01_N.uasset" 476
"../../../TestingGrounds/Content/FirstPerson/Character/Materials/MaterialLayers/ML_SoftMetal_UE4.uasset" 477
"../../../TestingGrounds/Content/FirstPerson/Character/Textures/UE4_Mannequin__normals.uasset" 478
"../../../TestingGrounds/Content/FirstPerson/Character/Textures/UE4_Mannequin_MAT_MASKA.uasset" 479
"../../../TestingGrounds/Content/ThirdPersonModels/MTPV.uasset" 480
"../../../TestingGrounds/Content/FirstPerson/Character/Mesh/SK_Mannequin_Arms_PhysicsAsset.uasset" 481
"../../../TestingGrounds/Content/FirstPerson/Character/Mesh/SK_Mannequin_Arms.uasset" 482
"../../../TestingGrounds/Content/FirstPerson/FPWeapon/Materials/MaterialLayers/T_ML_Rubber_Blue_01_N.uasset" 483
"../../../TestingGrounds/Content/FirstPerson/FPWeapon/Mesh/guntex.uasset" 484
"../../../TestingGrounds/Content/FirstPerson/FPWeapon/Materials/MaterialLayers/ML_GlossyBlack_Latex_UE4.uasset" 485
"../../../TestingGrounds/Content/FirstPerson/FPWeapon/Materials/MaterialLayers/ML_Screen.uasset" 486
"../../../TestingGrounds/Content/FirstPerson/FPWeapon/Materials/MaterialLayers/T_ML_Aluminum01_N.uasset" 487
"../../../TestingGrounds/Content/FirstPerson/FPWeapon/Materials/MaterialLayers/ML_SoftMetal_UE4.uasset" 488
"../../../TestingGrounds/Content/FirstPerson/FPWeapon/Mesh/MI_1.uasset" 489
"../../../TestingGrounds/Content/FirstPerson/FPWeapon/Textures/T_FPGun_M.uasset" 490
"../../../TestingGrounds/Content/FirstPerson/FPWeapon/Textures/T_FPGun_N.uasset" 491
"../../../TestingGrounds/Content/ThirdPersonModels/M_FPGun.uasset" 492
"../../../TestingGrounds/Content/FirstPerson/FPWeapon/Mesh/SK_FPGun_Skeleton.uasset" 493
"../../../TestingGrounds/Content/FirstPerson/FPWeapon/Mesh/SK_FPGun.uasset" 494
"../../../TestingGrounds/Content/FirstPersonCPP/Blueprints/FirstPersonCharacter.uasset" 495
"../../../TestingGrounds/Content/Mannequin/Character/Mesh/UE4_Mannequin_Skeleton.uasset" 496
"../../../TestingGrounds/Content/Mannequin/Animations/ThirdPerson_Jump.uasset" 497
"../../../TestingGrounds/Content/Mannequin/Animations/ThirdPersonJump_Loop.uasset" 498
"../../../TestingGrounds/Content/Mannequin/Animations/ThirdPersonJump_Start.uasset" 499
"../../../TestingGrounds/Content/Mannequin/Animations/ThirdPersonIdle.uasset" 500
"../../../TestingGrounds/Content/Mannequin/Animations/ThirdPersonRun.uasset" 501
"../../../TestingGrounds/Content/Mannequin/Animations/ThirdPersonWalk.uasset" 502
"../../../TestingGrounds/Content/Mannequin/Animations/ThirdPerson_IdleRun_2D.uasset" 503
"../../../TestingGrounds/Content/Mannequin/Animations/ThirdPerson_AnimBP.uasset" 504
"../../../TestingGrounds/Content/AnimStarterPack/UE4_Mannequin/Mesh/UE4_Mannequin_Skeleton.uasset" 505
"../../../TestingGrounds/Content/AnimStarterPack/Prone_To_Stand.uasset" 506
"../../../TestingGrounds/Content/AnimStarterPack/Stand_To_Prone.uasset" 507
"../../../TestingGrounds/Content/ThirdPersonCPP/Blueprints/PatrolInfo.uasset" 508
"../../../TestingGrounds/Content/ThirdPersonCPP/Blueprints/Patrol1.uasset" 509
"../../../TestingGrounds/Content/ThirdPersonCPP/Blueprints/NPC_AI_BP1.uasset" 510
"../../../TestingGrounds/Content/ThirdPersonModels/fleck2.uasset" 511
"../../../TestingGrounds/Content/ThirdPersonModels/MTPVC.uasset" 512
"../../../TestingGrounds/Content/ThirdPersonModels/Fleck.uasset" 513
"../../../TestingGrounds/Content/Mannequin/Character/Mesh/SK_Mannequin_PhysicsAsset.uasset" 514
"../../../TestingGrounds/Content/Mannequin/Character/Mesh/SK_Mannequin.uasset" 515
"../../../TestingGrounds/Content/ThirdPersonCPP/Blueprints/ThirdPersonCharacter.uasset" 516
"../../../TestingGrounds/Content/SciFi_Space_Soldier/Animations/Crouch_to_Stand_Rifle_Ironsights.uasset" 517
"../../../TestingGrounds/Content/SciFi_Space_Soldier/Animations/Stand_to_Crouch_Rifle_Ironsights.uasset" 518
"../../../TestingGrounds/Content/ThirdPersonCPP/Blueprints/Patrol.uasset" 519
"../../../TestingGrounds/Content/ThirdPersonCPP/Blueprints/NPC_AI_BP.uasset" 520
"../../../TestingGrounds/Content/WAVImports/jogfootstepsv4.uasset" 521
"../../../TestingGrounds/Content/ThirdPersonModels/ThirdPersonCharactermarine.uasset" 522
"../../../Engine/Content/EngineSky/C_Sky_Cloud_Color.uasset" 523
"../../../Engine/Content/EngineSky/C_Sky_Horizon_Color.uasset" 524
"../../../Engine/Content/EngineSky/C_Sky_Zenith_Color.uasset" 525
"../../../Engine/Content/EngineSky/T_Sky_Blue.uasset" 526
"../../../Engine/Content/EngineSky/T_Sky_Clouds_M.uasset" 527
"../../../Engine/Content/EngineSky/T_Sky_Stars.uasset" 528
"../../../Engine/Content/EngineSky/M_Sky_Panning_Clouds2.uasset" 529
"../../../Engine/Content/EngineSky/SM_SkySphere.uasset" 530
"../../../Engine/Content/EngineSky/BP_Sky_Sphere.uasset" 531
"../../../TestingGrounds/Content/FirstPersonCPP/Maps/FirstPersonExampleMap_BuiltData.uasset" 532
"../../../Engine/Content/EngineMaterials/AntiAliasedTextMaterialTranslucent.uasset" 533
"../../../TestingGrounds/Content/burnt-wood-texture.uasset" 534
"../../../TestingGrounds/Content/LowPolyForest/Textures/Cabin_01_NRM.uasset" 535
"../../../TestingGrounds/Content/LowPolyForest/Textures/Cabin_01_SPEC.uasset" 536
"../../../TestingGrounds/Content/LowPolyForest/Materials/Cabin_02.uasset" 537
"../../../TestingGrounds/Content/StarterContent/Textures/T_MacroVariation.uasset" 538
"../../../TestingGrounds/Content/StarterContent/Textures/T_Metal_Steel_N.uasset" 539
"../../../TestingGrounds/Content/StarterContent/Textures/T_Perlin_Noise_M.uasset" 540
"../../../TestingGrounds/Content/TexImports/highrestiled1.uasset" 541
"../../../TestingGrounds/Content/StarterContent/Materials/CeilingStone.uasset" 542
"../../../TestingGrounds/Content/StarterContent/Materials/CeilingStone1.uasset" 543
"../../../TestingGrounds/Content/StarterContent/Materials/FloorStone.uasset" 544
"../../../TestingGrounds/Content/StarterContent/Textures/T_Brick_Cut_Stone_D.uasset" 545
"../../../TestingGrounds/Content/StarterContent/Textures/T_Brick_Cut_Stone_N.uasset" 546
"../../../TestingGrounds/Content/StarterContent/Materials/M_Brick_Cut_Stone.uasset" 547
"../../../TestingGrounds/Content/StarterContent/Materials/WallStone.uasset" 548
"../../../TestingGrounds/Content/StarterContent/Textures/T_Wood_Pine_D.uasset" 549
"../../../TestingGrounds/Content/StarterContent/Textures/T_Wood_Pine_N.uasset" 550
"../../../TestingGrounds/Content/StarterContent/Materials/M_Wood_Pine.uasset" 551
"../../../TestingGrounds/Content/FirstPerson/Meshes/CubeMaterialOverride.uasset" 552
"../../../TestingGrounds/Content/Geometry/Meshes/1M_Cube.uasset" 553
"../../../TestingGrounds/Content/Geometry/Meshes/CubeMaterial.uasset" 554
"../../../TestingGrounds/Content/Geometry/Meshes/1M_Cube_Chamfer.uasset" 555
"../../../TestingGrounds/Content/InfinityBladeGrassLands/Environments/Earth/Textures/T_BranchTrunk_D.uasset" 556
"../../../TestingGrounds/Content/InfinityBladeGrassLands/Environments/Earth/Materials/M_LeavesPile.uasset" 557
"../../../TestingGrounds/Content/InfinityBladeGrassLands/Environments/Earth/StaticMesh/SM_LeavePiles_01.uasset" 558
"../../../TestingGrounds/Content/InfinityBladeGrassLands/Environments/Earth/StaticMesh/SM_LeavePiles_02.uasset" 559
"../../../TestingGrounds/Content/StarterContent/Textures/T_Rock_Basalt_D.uasset" 560
"../../../TestingGrounds/Content/StarterContent/Textures/T_Rock_Basalt_N.uasset" 561
"../../../TestingGrounds/Content/InfinityBladeGrassLands/Environments/Misc/Exo_Deco02/Materials/M_Villa_Pillar_1.uasset" 562
"../../../TestingGrounds/Content/InfinityBladeGrassLands/Environments/Misc/Exo_Deco02/StaticMesh/SM_Exo_Pillar_2.uasset" 563
"../../../TestingGrounds/Content/LowPolyForest/Ground_Plants/Fern_02.uasset" 564
"../../../TestingGrounds/Content/LowPolyForest/Textures/cabin_01.uasset" 565
"../../../TestingGrounds/Content/LowPolyForest/Materials/Cabin_01.uasset" 566
"../../../TestingGrounds/Content/LowPolyForest/Props/Cut_Logs_01.uasset" 567
"../../../TestingGrounds/Content/LowPolyForest/Trees/Birch_01.uasset" 568
"../../../TestingGrounds/Content/LowPolyForest/Trees/Birch_02.uasset" 569
"../../../TestingGrounds/Content/LowPolyForest/Trees/Fir_01.uasset" 570
"../../../TestingGrounds/Content/LowPolyForest/Trees/Spruce_01.uasset" 571
"../../../TestingGrounds/Content/LowPolyForest/Trees/Spruce_Tall_01.uasset" 572
"../../../TestingGrounds/Content/LowPolyForest/Trees/Tree_Tall_01.uasset" 573
"../../../TestingGrounds/Content/LowPolyForest/Trees/Tree_Tall_05.uasset" 574
"../../../TestingGrounds/Content/StarterContent/Architecture/Floor_400x400.uasset" 575
"../../../TestingGrounds/Content/StarterContent/Architecture/Floor_400x401Hallway.uasset" 576
"../../../TestingGrounds/Content/StarterContent/Architecture/StoneRoof.uasset" 577
"../../../TestingGrounds/Content/StarterContent/Architecture/Wall_500x500.uasset" 578
"../../../TestingGrounds/Content/StarterContent/Audio/Fire01_Cue.uasset" 579
"../../../TestingGrounds/Content/StarterContent/Textures/T_Fire_SubUV.uasset" 580
"../../../TestingGrounds/Content/StarterContent/Textures/T_Fire_Tiled_D.uasset" 581
"../../../TestingGrounds/Content/StarterContent/Particles/Materials/M_Fire_SubUV.uasset" 582
"../../../TestingGrounds/Content/StarterContent/Textures/T_Water_N.uasset" 583
"../../../TestingGrounds/Content/StarterContent/Particles/Materials/M_Heat_Distortion.uasset" 584
"../../../TestingGrounds/Content/StarterContent/Particles/P_BigFire.uasset" 585
"../../../TestingGrounds/Content/StarterContent/Particles/P_TorchFire.uasset" 586
"../../../TestingGrounds/Content/StarterContent/Shapes/RoughTrim.uasset" 587
"../../../TestingGrounds/Content/StarterContent/Shapes/Shape_Trim.uasset" 588
"../../../TestingGrounds/Content/WAVImports/Kevin-MacLeod-Heart-of-the-Beast-Ambient-Dark-ytmp3_com.uasset" 589
"../../../TestingGrounds/Content/FirstPersonCPP/Maps/FirstPersonExampleMap.umap" 590
